<?xml version="1.0" encoding="UTF-8"?>
<!-- Generated by org.testng.reporters.JUnitXMLReporter -->
<testsuite ignored="0" hostname="DESKTOP-P39CJOI" failures="0" tests="3" name="Add_Customer_testing" time="24.026" errors="0" timestamp="2023-02-20T13:24:30 IST">
  <testcase classname="Guru_99.Runner.com.Guru99_addCustomer" name="Select_Browser_Name" time="15.012"/>
  <testcase classname="Guru_99.Runner.com.Guru99_addCustomer" name="ValidCredentials" time="2.109"/>
  <testcase classname="Guru_99.Runner.com.Guru99_addCustomer" name="addCustomer_test" time="6.872"/>
</testsuite> <!-- Add_Customer_testing -->
