<?xml version="1.0" encoding="UTF-8"?>
<!-- Generated by org.testng.reporters.JUnitXMLReporter -->
<testsuite ignored="0" hostname="DESKTOP-P39CJOI" failures="0" tests="3" name="Bank_With_valid_Data" time="21.379" errors="0" timestamp="2023-02-10T18:08:40 IST">
  <testcase classname="Guru_99.Runner.com.Guru99_Login_Test" name="Select_Browser_Name" time="18.234"/>
  <testcase classname="Guru_99.Runner.com.Guru99_Login_Test" name="BankLogin" time="3.076"/>
  <testcase classname="Guru_99.Runner.com.Guru99_Login_Test" name="Verify_UserLogin" time="0.023"/>
</testsuite> <!-- Bank_With_valid_Data -->
