<?xml version="1.0" encoding="UTF-8"?>
<!-- Generated by org.testng.reporters.JUnitXMLReporter -->
<testsuite ignored="0" hostname="DESKTOP-P39CJOI" failures="0" tests="3" name="Editwith_invalid_Customer_ID" time="32.983" errors="0" timestamp="2023-02-20T13:25:03 IST">
  <testcase classname="Guru_99.Runner.com.Guru99Edit_Customer_Details" name="Open" time="18.178"/>
  <testcase classname="Guru_99.Runner.com.Guru99Edit_Customer_Details" name="Login" time="5.846"/>
  <testcase classname="Guru_99.Runner.com.Guru99Edit_Customer_Details" name="CustomerID_Edit" time="8.831"/>
</testsuite> <!-- Editwith_invalid_Customer_ID -->
