<?xml version="1.0" encoding="UTF-8"?>
<!-- Generated by org.testng.reporters.JUnitXMLReporter -->
<testsuite ignored="0" hostname="DESKTOP-P39CJOI" failures="0" tests="3" name="inValid_Data" time="9.289" errors="0" timestamp="2023-02-10T18:08:01 IST">
  <testcase classname="POM_Runner.LoginRunner" name="Open_Link" time="8.667"/>
  <testcase classname="POM_Runner.LoginRunner" name="Login" time="0.583"/>
  <testcase classname="POM_Runner.LoginRunner" name="Verify_User" time="0.017"/>
</testsuite> <!-- inValid_Data -->
