<?xml version="1.0" encoding="UTF-8"?>
<!-- Generated by org.testng.reporters.JUnitXMLReporter -->
<testsuite ignored="0" hostname="DESKTOP-P39CJOI" failures="0" tests="3" name="TestIng_invalidLogin_Functionality" time="21.575" errors="0" timestamp="2023-02-20T13:23:49 IST">
  <testcase classname="Guru_99.Runner.com.Guru99_Login_Test" name="Select_Browser_Name" time="17.406"/>
  <testcase classname="Guru_99.Runner.com.Guru99_Login_Test" name="BankLogin" time="3.958"/>
  <testcase classname="Guru_99.Runner.com.Guru99_Login_Test" name="Verify_UserLogin" time="0.013"/>
</testsuite> <!-- TestIng_invalidLogin_Functionality -->
