<?xml version="1.0" encoding="UTF-8"?>
<!-- Generated by org.testng.reporters.JUnitXMLReporter -->
<testsuite ignored="0" hostname="DESKTOP-P39CJOI" failures="0" tests="3" name="Valid_Data" time="20.011" errors="0" timestamp="2023-02-15T15:47:01 IST">
  <testcase classname="Guru_99.Runner.com.Guru99_addCustomer" name="Select_Browser_Name" time="14.422"/>
  <testcase classname="Guru_99.Runner.com.Guru99_addCustomer" name="ValidCredentials" time="2.856"/>
  <testcase classname="Guru_99.Runner.com.Guru99_addCustomer" name="addCustomer_test" time="2.455"/>
</testsuite> <!-- Valid_Data -->
